<project xmlns="http://maven.apache.org/POM/4.0.0" xmlns:xsi="http://www.w3.org/2001/XMLSchema-instance"
    xsi:schemaLocation="http://maven.apache.org/POM/4.0.0 http://maven.apache.org/xsd/maven-4.0.0.xsd">
	<modelVersion>4.0.0</modelVersion>
	<groupId>com.kfplc.candc.wmb</groupId>
	<artifactId>CnC-parent</artifactId>
	<packaging>pom</packaging>
	<version>1.0</version>
	<name>CnC Regression Suite</name>
	<pluginRepositories>
		<pluginRepository>
			<id>SmartBearPluginRepository</id>
			<url>http://www.soapui.org/repository/maven2/</url>
		</pluginRepository>
	</pluginRepositories>
	<profiles> 
		<profile> 
			<id>Aisle_Gateway</id> 
			<activation> 
				<file> 
					<exists>Services/Aisle_Gateway/test/pom.xml</exists>
				</file> 
			</activation> 
			<modules> 
				<module>Services/Aisle_Gateway/test</module> 
			</modules> 
		</profile> 
		<profile> 
			<id>Bay_Gateway</id> 
			<activation> 
				<file> 
					<exists>Services/Bay_Gateway/test/pom.xml</exists>
				</file> 
			</activation> 
			<modules> 
				<module>Services/Bay_Gateway/test</module> 
			</modules> 
		</profile> 
		<profile> 
			<id>Bin_Gateway_V1</id> 
			<activation> 
				<file> 
					<exists>Services/Bin_Gateway_V1/test/pom.xml</exists>
				</file> 
			</activation> 
			<modules> 
				<module>Services/Bin_Gateway_V1/test</module> 
			</modules> 
		</profile> 
		<profile> 
			<id>Bin_Gateway_V2</id> 
			<activation> 
				<file> 
					<exists>Services/Bin_Gateway_V2/test/pom.xml</exists>
				</file> 
			</activation> 
			<modules> 
				<module>Services/Bin_Gateway_V2/test</module> 
			</modules> 
		</profile> 
		<profile> 
			<id>ConfigDetails_Gateway</id> 
			<activation> 
				<file> 
					<exists>Services/ConfigDetails_Gateway/test/pom.xml</exists>
				</file> 
			</activation> 
			<modules> 
				<module>Services/ConfigDetails_Gateway/test</module> 
			</modules> 
		</profile> 
		<profile> 
			<id>FulfilmentRoute_Gateway</id> 
			<activation> 
				<file> 
					<exists>Services/FulfilmentRoute_Gateway/test/pom.xml</exists>
				</file> 
			</activation> 
			<modules> 
				<module>Services/FulfilmentRoute_Gateway/test</module> 
			</modules> 
		</profile> 
		<profile> 
			<id>FulfilmentSite_Gateway</id> 
			<activation> 
				<file> 
					<exists>Services/FulfilmentSite_Gateway/test/pom.xml</exists>
				</file> 
			</activation> 
			<modules> 
				<module>Services/FulfilmentSite_Gateway/test</module> 
			</modules> 
		</profile> 
		<profile> 
			<id>GoodsMovement_Gateway</id> 
			<activation> 
				<file> 
					<exists>Services/GoodsMovement_Gateway/test/pom.xml</exists>
				</file> 
			</activation> 
			<modules> 
				<module>Services/GoodsMovement_Gateway/test</module> 
			</modules> 
		</profile> 
		<profile> 
			<id>GoodsReceipt_Gateway</id> 
			<activation> 
				<file> 
					<exists>Services/GoodsReceipt_Gateway/test/pom.xml</exists>
				</file> 
			</activation> 
			<modules> 
				<module>Services/GoodsReceipt_Gateway/test</module> 
			</modules> 
		</profile> 
		<profile> 
			<id>InboundDelivery_Gateway</id> 
			<activation> 
				<file> 
					<exists>Services/InboundDelivery_Gateway/test/pom.xml</exists>
				</file> 
			</activation> 
			<modules> 
				<module>Services/InboundDelivery_Gateway/test</module> 
			</modules> 
		</profile> 
		<profile> 
			<id>LayoutModule_Gateway_V1</id> 
			<activation> 
				<file> 
					<exists>Services/LayoutModule_Gateway_V1/test/pom.xml</exists>
				</file> 
			</activation> 
			<modules> 
				<module>Services/LayoutModule_Gateway_V1/test</module> 
			</modules> 
		</profile> 
		<profile> 
			<id>LayoutModule_Gateway_V2</id> 
			<activation> 
				<file> 
					<exists>Services/LayoutModule_Gateway_V2/test/pom.xml</exists>
				</file> 
			</activation> 
			<modules> 
				<module>Services/LayoutModule_Gateway_V2/test</module> 
			</modules> 
		</profile> 
		<profile> 
			<id>OutboundDelivery_Gateway</id> 
			<activation> 
				<file> 
					<exists>Services/OutboundDelivery_Gateway/test/pom.xml</exists>
				</file> 
			</activation> 
			<modules> 
				<module>Services/OutboundDelivery_Gateway/test</module> 
			</modules> 
		</profile>
		<profile> 
			<id>Personnel_Gateway</id> 
			<activation> 
				<file> 
					<exists>Services/Personnel_Gateway/test/pom.xml</exists>
				</file> 
			</activation> 
			<modules> 
				<module>Services/Personnel_Gateway/test</module> 
			</modules> 
		</profile> 
		<profile> 
			<id>PhysicalInventory_Gateway</id> 
			<activation> 
				<file> 
					<exists>Services/PhysicalInventory_Gateway/test/pom.xml</exists>
				</file> 
			</activation> 
			<modules> 
				<module>Services/PhysicalInventory_Gateway/test</module> 
			</modules> 
		</profile> 
		<profile> 
			<id>Price_Gateway</id> 
			<activation> 
				<file> 
					<exists>Services/Price_Gateway/test/pom.xml</exists>
				</file> 
			</activation> 
			<modules> 
				<module>Services/Services/Price_Gateway/test</module> 
			</modules> 
		</profile> 
		<profile> 
			<id>ProductReplacement_Gateway</id> 
			<activation> 
				<file> 
					<exists>Services/ProductReplacement_Gateway/test/pom.xml</exists>
				</file> 
			</activation> 
			<modules> 
				<module>Services/Services/ProductReplacement_Gateway/test</module> 
			</modules> 
		</profile> 
		<profile> 
			<id>ProductSupplier_Gateway</id> 
			<activation> 
				<file> 
					<exists>Services/ProductSupplier_Gateway/test/pom.xml</exists>
				</file> 
			</activation> 
			<modules> 
				<module>Services/ProductSupplier_Gateway/test</module> 
			</modules> 
		</profile> 
		<profile> 
			<id>Product_Gateway_V1</id> 
			<activation> 
				<file> 
					<exists>Services/Product_Gateway_V1/test/pom.xml</exists>
				</file> 
			</activation> 
			<modules> 
				<module>Services/Product_Gateway_V1/test</module> 
			</modules> 
		</profile> 
		<profile> 
			<id>Product_Gateway_V2</id> 
			<activation> 
				<file> 
					<exists>Services/Product_Gateway_V2/test/pom.xml</exists>
				</file> 
			</activation> 
			<modules> 
				<module>Services/Product_Gateway_V2/test</module> 
			</modules> 
		</profile> 
		<profile> 
			<id>PurchaseOrder_Gateway</id> 
			<activation> 
				<file> 
					<exists>Services/PurchaseOrder_Gateway/test/pom.xml</exists>
				</file> 
			</activation> 
			<modules> 
				<module>Services/PurchaseOrder_Gateway/test</module> 
			</modules> 
		</profile> 
		<profile> 
			<id>ShelfLabelProducts_Gateway</id> 
			<activation> 
				<file> 
					<exists>Services/ShelfLabelProducts_Gateway/test/pom.xml</exists>
				</file> 
			</activation> 
			<modules> 
				<module>Services/ShelfLabelProducts_Gateway/test</module> 
			</modules> 
		</profile> 
		<profile> 
			<id>Supplier_Gateway</id> 
			<activation> 
				<file> 
					<exists>Services/Supplier_Gateway/test/pom.xml</exists>
				</file> 
			</activation> 
			<modules> 
				<module>Services/Supplier_Gateway/test</module> 
			</modules> 
		</profile> 
		<profile> 
			<id>Task_Gateway</id> 
			<activation> 
				<file> 
					<exists>Services/Task_Gateway/test/pom.xml</exists>
				</file> 
			</activation> 
			<modules> 
				<module>Services/Task_Gateway/test</module> 
			</modules> 
		</profile> 
		<profile> 
			<id>TransferOrder_Gateway</id> 
			<activation> 
				<file> 
					<exists>Services/TransferOrder_Gateway/test/pom.xml</exists>
				</file> 
			</activation> 
			<modules> 
				<module>Services/TransferOrder_Gateway/test</module> 
			</modules> 
		</profile> 
		<profile> 
			<id>Printer_Gateway</id> 
			<activation> 
				<file> 
					<exists>Services/Printer_Gateway/test/pom.xml</exists>
				</file> 
			</activation> 
			<modules> 
				<module>Services/Printer_Gateway/test</module> 
			</modules> 
		</profile> 
	</profiles> 
</project>